<?xml version="1.0" encoding="UTF-8"?>
<!-- Generated by org.testng.reporters.JUnitXMLReporter -->
<testsuite ignored="0" hostname="ShourangaX" failures="1" tests="1" name="Test" time="67.299" errors="0" timestamp="2026-04-19T15:30:56 IST">
  <testcase classname="io.cucumber.testng.AbstractTestNGCucumberTests" name="runScenario" time="66.832">
    <failure type="org.openqa.selenium.ElementClickInterceptedException" message="element click intercepted: Element &amp;lt;input placeholder=&amp;quot;Search for lab tests&amp;quot; title=&amp;quot;Search&amp;quot; class=&amp;quot; 
         
        bb
        
        &amp;quot;&amp;gt; is not clickable at point (637, 30). Other element would receive the click: &amp;lt;div class=&amp;quot;CallbackWidget_modalBackground__9XjSl&amp;quot;&amp;gt;...&amp;lt;/div&amp;gt;
  (Session info: chrome=147.0.7727.56)
Build info: version: &amp;apos;4.38.0&amp;apos;, revision: &amp;apos;6b412e825c*&amp;apos;
System info: os.name: &amp;apos;Windows 11&amp;apos;, os.arch: &amp;apos;amd64&amp;apos;, os.version: &amp;apos;10.0&amp;apos;, java.version: &amp;apos;21.0.10&amp;apos;
Driver info: org.openqa.selenium.chrome.ChromeDriver
Command: [0fa28a6d0ac3254341562c0cefed7c9d, clickElement {id=f.E94DB9D26640B0BAD687B025BB0A66A6.d.80FEB365A7647B078084F0E8F3674E56.e.271}]
Capabilities {acceptInsecureCerts: false, browserName: chrome, browserVersion: 147.0.7727.56, chrome: {chromedriverVersion: 147.0.7727.57 (b4f28b5637d0..., userDataDir: C:\Users\SHYAMS~1\AppData\L...}, fedcm:accounts: true, goog:chromeOptions: {debuggerAddress: localhost:57834}, goog:processID: 25584, networkConnectionEnabled: false, pageLoadStrategy: normal, platformName: windows, proxy: Proxy(), se:cdp: ws://localhost:57834/devtoo..., se:cdpVersion: 147.0.7727.56, setWindowRect: true, strictFileInteractability: false, timeouts: {implicit: 0, pageLoad: 300000, script: 30000}, unhandledPromptBehavior: dismiss and notify, webauthn:extension:credBlob: true, webauthn:extension:largeBlob: true, webauthn:extension:minPinLength: true, webauthn:extension:prf: true, webauthn:virtualAuthenticators: true}
Element: [[ChromeDriver: chrome on windows (0fa28a6d0ac3254341562c0cefed7c9d)] -&amp;gt; css selector: [placeholder=&amp;apos;Search for lab tests&amp;apos;]]
Session ID: 0fa28a6d0ac3254341562c0cefed7c9d">
      <![CDATA[org.openqa.selenium.ElementClickInterceptedException: element click intercepted: Element <input placeholder="Search for lab tests" title="Search" class=" 
         
        bb
        
        "> is not clickable at point (637, 30). Other element would receive the click: <div class="CallbackWidget_modalBackground__9XjSl">...</div>
  (Session info: chrome=147.0.7727.56)
Build info: version: '4.38.0', revision: '6b412e825c*'
System info: os.name: 'Windows 11', os.arch: 'amd64', os.version: '10.0', java.version: '21.0.10'
Driver info: org.openqa.selenium.chrome.ChromeDriver
Command: [0fa28a6d0ac3254341562c0cefed7c9d, clickElement {id=f.E94DB9D26640B0BAD687B025BB0A66A6.d.80FEB365A7647B078084F0E8F3674E56.e.271}]
Capabilities {acceptInsecureCerts: false, browserName: chrome, browserVersion: 147.0.7727.56, chrome: {chromedriverVersion: 147.0.7727.57 (b4f28b5637d0..., userDataDir: C:\Users\SHYAMS~1\AppData\L...}, fedcm:accounts: true, goog:chromeOptions: {debuggerAddress: localhost:57834}, goog:processID: 25584, networkConnectionEnabled: false, pageLoadStrategy: normal, platformName: windows, proxy: Proxy(), se:cdp: ws://localhost:57834/devtoo..., se:cdpVersion: 147.0.7727.56, setWindowRect: true, strictFileInteractability: false, timeouts: {implicit: 0, pageLoad: 300000, script: 30000}, unhandledPromptBehavior: dismiss and notify, webauthn:extension:credBlob: true, webauthn:extension:largeBlob: true, webauthn:extension:minPinLength: true, webauthn:extension:prf: true, webauthn:virtualAuthenticators: true}
Element: [[ChromeDriver: chrome on windows (0fa28a6d0ac3254341562c0cefed7c9d)] -> css selector: [placeholder='Search for lab tests']]
Session ID: 0fa28a6d0ac3254341562c0cefed7c9d
at org.openqa.selenium.remote.ErrorCodec.decode(ErrorCodec.java:167)
at org.openqa.selenium.remote.codec.w3c.W3CHttpResponseCodec.decode(W3CHttpResponseCodec.java:138)
at org.openqa.selenium.remote.codec.w3c.W3CHttpResponseCodec.decode(W3CHttpResponseCodec.java:50)
at org.openqa.selenium.remote.HttpCommandExecutor.execute(HttpCommandExecutor.java:215)
at org.openqa.selenium.remote.service.DriverCommandExecutor.invokeExecute(DriverCommandExecutor.java:216)
at org.openqa.selenium.remote.service.DriverCommandExecutor.execute(DriverCommandExecutor.java:174)
at org.openqa.selenium.remote.RemoteWebDriver.execute(RemoteWebDriver.java:557)
at org.openqa.selenium.remote.RemoteWebElement.execute(RemoteWebElement.java:223)
at org.openqa.selenium.remote.RemoteWebElement.click(RemoteWebElement.java:76)
at org.openqa.selenium.support.pagefactory.internal.LocatingElementHandler.invoke(LocatingElementHandler.java:51)
at jdk.proxy2/jdk.proxy2.$Proxy24.click(Unknown Source)
at com.apollo247.testing.pages.LabTestPage.clickOnSearchBox(LabTestPage.java:84)
at com.apollo247.testing.stepdefinitions.RadiologySteps.user_clicks_on_lab_test_search_bar(RadiologySteps.java:14)
at ✽.User clicks on lab test search bar(file:///C:/Users/Shyam%20Sundar/git/apollo247-Testing/src/test/java/com/apollo247/testing/features/Radiology-Scenario.feature:6)
... Removed 5 stack frames]]>
    </failure>
  </testcase> <!-- runScenario -->
</testsuite> <!-- Test -->
