<?xml version="1.0" encoding="UTF-8"?>
<testng-results ignored="0" total="5" passed="5" failed="0" skipped="0">
  <reporter-output>
  </reporter-output>
  <suite started-at="2026-04-17T10:46:43 IST" name="Default suite" finished-at="2026-04-17T10:46:44 IST" duration-ms="851">
    <groups>
      <group name="cucumber">
        <method signature="AbstractTestNGCucumberTests.runScenario(io.cucumber.testng.PickleWrapper,io.cucumber.testng.FeatureWrapper)[pri:0, instance:com.apollo247.testing.runner.RunnerIO@2de23121]" name="runScenario" class="io.cucumber.testng.AbstractTestNGCucumberTests"/>
      </group> <!-- cucumber -->
    </groups>
    <test started-at="2026-04-17T10:46:43 IST" name="Default test" finished-at="2026-04-17T10:46:44 IST" duration-ms="851">
      <class name="com.apollo247.testing.runner.RunnerIO">
        <test-method is-config="true" signature="setUpClass(org.testng.ITestContext)[pri:0, instance:com.apollo247.testing.runner.RunnerIO@2de23121]" started-at="2026-04-17T10:46:43 IST" name="setUpClass" finished-at="2026-04-17T10:46:44 IST" duration-ms="420" status="PASS">
          <params>
            <param index="0">
              <value>
                <![CDATA[org.testng.TestRunner@abf688e]]>
              </value>
            </param>
          </params>
          <reporter-output>
          </reporter-output>
        </test-method> <!-- setUpClass -->
        <test-method signature="runScenario(io.cucumber.testng.PickleWrapper,io.cucumber.testng.FeatureWrapper)[pri:0, instance:com.apollo247.testing.runner.RunnerIO@2de23121]" started-at="2026-04-17T10:46:44 IST" name="runScenario" description="Runs Cucumber Scenarios" data-provider="scenarios" finished-at="2026-04-17T10:46:44 IST" duration-ms="287" status="PASS">
          <params>
            <param index="0">
              <value>
                <![CDATA["Verify user can access Lab Tests module"]]>
              </value>
            </param>
            <param index="1">
              <value>
                <![CDATA["Apollo 247 Module Navigation"]]>
              </value>
            </param>
          </params>
          <reporter-output>
          </reporter-output>
        </test-method> <!-- runScenario -->
        <test-method signature="runScenario(io.cucumber.testng.PickleWrapper,io.cucumber.testng.FeatureWrapper)[pri:0, instance:com.apollo247.testing.runner.RunnerIO@2de23121]" started-at="2026-04-17T10:46:44 IST" name="runScenario" description="Runs Cucumber Scenarios" data-provider="scenarios" finished-at="2026-04-17T10:46:44 IST" duration-ms="7" status="PASS">
          <params>
            <param index="0">
              <value>
                <![CDATA["Verify search functionality for lab tests"]]>
              </value>
            </param>
            <param index="1">
              <value>
                <![CDATA["Apollo 247 Module Navigation"]]>
              </value>
            </param>
          </params>
          <reporter-output>
          </reporter-output>
        </test-method> <!-- runScenario -->
        <test-method signature="runScenario(io.cucumber.testng.PickleWrapper,io.cucumber.testng.FeatureWrapper)[pri:0, instance:com.apollo247.testing.runner.RunnerIO@2de23121]" started-at="2026-04-17T10:46:44 IST" name="runScenario" description="Runs Cucumber Scenarios" data-provider="scenarios" finished-at="2026-04-17T10:46:44 IST" duration-ms="5" status="PASS">
          <params>
            <param index="0">
              <value>
                <![CDATA["Verify search functionality for lab tests"]]>
              </value>
            </param>
            <param index="1">
              <value>
                <![CDATA["Apollo 247 Module Navigation"]]>
              </value>
            </param>
          </params>
          <reporter-output>
          </reporter-output>
        </test-method> <!-- runScenario -->
        <test-method signature="runScenario(io.cucumber.testng.PickleWrapper,io.cucumber.testng.FeatureWrapper)[pri:0, instance:com.apollo247.testing.runner.RunnerIO@2de23121]" started-at="2026-04-17T10:46:44 IST" name="runScenario" description="Runs Cucumber Scenarios" data-provider="scenarios" finished-at="2026-04-17T10:46:44 IST" duration-ms="7" status="PASS">
          <params>
            <param index="0">
              <value>
                <![CDATA["Verify search functionality for lab tests"]]>
              </value>
            </param>
            <param index="1">
              <value>
                <![CDATA["Apollo 247 Module Navigation"]]>
              </value>
            </param>
          </params>
          <reporter-output>
          </reporter-output>
        </test-method> <!-- runScenario -->
        <test-method signature="runScenario(io.cucumber.testng.PickleWrapper,io.cucumber.testng.FeatureWrapper)[pri:0, instance:com.apollo247.testing.runner.RunnerIO@2de23121]" started-at="2026-04-17T10:46:44 IST" name="runScenario" description="Runs Cucumber Scenarios" data-provider="scenarios" finished-at="2026-04-17T10:46:44 IST" duration-ms="4" status="PASS">
          <params>
            <param index="0">
              <value>
                <![CDATA["Verify search functionality for lab tests"]]>
              </value>
            </param>
            <param index="1">
              <value>
                <![CDATA["Apollo 247 Module Navigation"]]>
              </value>
            </param>
          </params>
          <reporter-output>
          </reporter-output>
        </test-method> <!-- runScenario -->
        <test-method is-config="true" signature="tearDownClass()[pri:0, instance:com.apollo247.testing.runner.RunnerIO@2de23121]" started-at="2026-04-17T10:46:44 IST" name="tearDownClass" finished-at="2026-04-17T10:46:44 IST" duration-ms="7" status="PASS">
          <reporter-output>
          </reporter-output>
        </test-method> <!-- tearDownClass -->
      </class> <!-- com.apollo247.testing.runner.RunnerIO -->
    </test> <!-- Default test -->
  </suite> <!-- Default suite -->
</testng-results>
