<?xml version="1.0" encoding="UTF-8"?>
<testng-results ignored="0" total="1" passed="1" failed="0" skipped="0">
  <reporter-output>
  </reporter-output>
  <suite started-at="2026-04-17T11:04:22 IST" name="Default suite" finished-at="2026-04-17T11:05:41 IST" duration-ms="78591">
    <groups>
      <group name="cucumber">
        <method signature="AbstractTestNGCucumberTests.runScenario(io.cucumber.testng.PickleWrapper,io.cucumber.testng.FeatureWrapper)[pri:0, instance:com.apollo247.testing.runner.RunnerIO@548a24a]" name="runScenario" class="io.cucumber.testng.AbstractTestNGCucumberTests"/>
      </group> <!-- cucumber -->
    </groups>
    <test started-at="2026-04-17T11:04:22 IST" name="Default test" finished-at="2026-04-17T11:05:41 IST" duration-ms="78591">
      <class name="com.apollo247.testing.runner.RunnerIO">
        <test-method is-config="true" signature="setUpClass(org.testng.ITestContext)[pri:0, instance:com.apollo247.testing.runner.RunnerIO@548a24a]" started-at="2026-04-17T11:04:22 IST" name="setUpClass" finished-at="2026-04-17T11:04:22 IST" duration-ms="232" status="PASS">
          <params>
            <param index="0">
              <value>
                <![CDATA[org.testng.TestRunner@a9f023e]]>
              </value>
            </param>
          </params>
          <reporter-output>
          </reporter-output>
        </test-method> <!-- setUpClass -->
        <test-method signature="runScenario(io.cucumber.testng.PickleWrapper,io.cucumber.testng.FeatureWrapper)[pri:0, instance:com.apollo247.testing.runner.RunnerIO@548a24a]" started-at="2026-04-17T11:04:22 IST" name="runScenario" description="Runs Cucumber Scenarios" data-provider="scenarios" finished-at="2026-04-17T11:05:41 IST" duration-ms="78292" status="PASS">
          <params>
            <param index="0">
              <value>
                <![CDATA["Verify valid member selection (Female and Self)"]]>
              </value>
            </param>
            <param index="1">
              <value>
                <![CDATA["Apollo 247 Health Insurance - Member Selection Validation"]]>
              </value>
            </param>
          </params>
          <reporter-output>
          </reporter-output>
        </test-method> <!-- runScenario -->
        <test-method is-config="true" signature="tearDownClass()[pri:0, instance:com.apollo247.testing.runner.RunnerIO@548a24a]" started-at="2026-04-17T11:05:41 IST" name="tearDownClass" finished-at="2026-04-17T11:05:41 IST" duration-ms="4" status="PASS">
          <reporter-output>
          </reporter-output>
        </test-method> <!-- tearDownClass -->
      </class> <!-- com.apollo247.testing.runner.RunnerIO -->
    </test> <!-- Default test -->
  </suite> <!-- Default suite -->
</testng-results>
