<?xml version="1.0" encoding="UTF-8"?>
<!-- Generated by org.testng.reporters.JUnitReportReporter -->
<testsuite hostname="DESKTOP-EU7E5G1" failures="0" tests="1" name="com.apollo247.testing.runner.MyAccountRunner" time="78.073" errors="1" timestamp="2026-04-17T14:23:35 IST" skipped="0">
  <testcase classname="com.apollo247.testing.runner.MyAccountRunner" name="runScenario" time="78.073">
    <error message="Expected condition failed: waiting for element to be clickable: [[ChromeDriver: chrome on windows (fe9a395102a92dadc94b24cee6a50b61)] -&gt; xpath: //button[text()=&#039;Verify&#039;]] (tried for 60 second(s) with 500 milliseconds interval)
Build info: version: &#039;4.38.0&#039;, revision: &#039;6b412e825c*&#039;
System info: os.name: &#039;Windows 10&#039;, os.arch: &#039;amd64&#039;, os.version: &#039;10.0&#039;, java.version: &#039;21.0.7&#039;
Driver info: org.openqa.selenium.chrome.ChromeDriver
Capabilities {acceptInsecureCerts: false, browserName: chrome, browserVersion: 147.0.7727.101, chrome: {chromedriverVersion: 147.0.7727.57 (b4f28b5637d0..., userDataDir: C:\Users\Admin\AppData\Loca...}, fedcm:accounts: true, goog:chromeOptions: {debuggerAddress: localhost:52007}, goog:processID: 22856, networkConnectionEnabled: false, pageLoadStrategy: normal, platformName: windows, proxy: Proxy(), se:cdp: ws://localhost:52007/devtoo..., se:cdpVersion: 147.0.7727.101, setWindowRect: true, strictFileInteractability: false, timeouts: {implicit: 0, pageLoad: 300000, script: 30000}, unhandledPromptBehavior: dismiss and notify, webauthn:extension:credBlob: true, webauthn:extension:largeBlob: true, webauthn:extension:minPinLength: true, webauthn:extension:prf: true, webauthn:virtualAuthenticators: true}
Session ID: fe9a395102a92dadc94b24cee6a50b61" type="org.openqa.selenium.TimeoutException">
      <![CDATA[org.openqa.selenium.TimeoutException: Expected condition failed: waiting for element to be clickable: [[ChromeDriver: chrome on windows (fe9a395102a92dadc94b24cee6a50b61)] -> xpath: //button[text()='Verify']] (tried for 60 second(s) with 500 milliseconds interval)
Build info: version: '4.38.0', revision: '6b412e825c*'
System info: os.name: 'Windows 10', os.arch: 'amd64', os.version: '10.0', java.version: '21.0.7'
Driver info: org.openqa.selenium.chrome.ChromeDriver
Capabilities {acceptInsecureCerts: false, browserName: chrome, browserVersion: 147.0.7727.101, chrome: {chromedriverVersion: 147.0.7727.57 (b4f28b5637d0..., userDataDir: C:\Users\Admin\AppData\Loca...}, fedcm:accounts: true, goog:chromeOptions: {debuggerAddress: localhost:52007}, goog:processID: 22856, networkConnectionEnabled: false, pageLoadStrategy: normal, platformName: windows, proxy: Proxy(), se:cdp: ws://localhost:52007/devtoo..., se:cdpVersion: 147.0.7727.101, setWindowRect: true, strictFileInteractability: false, timeouts: {implicit: 0, pageLoad: 300000, script: 30000}, unhandledPromptBehavior: dismiss and notify, webauthn:extension:credBlob: true, webauthn:extension:largeBlob: true, webauthn:extension:minPinLength: true, webauthn:extension:prf: true, webauthn:virtualAuthenticators: true}
Session ID: fe9a395102a92dadc94b24cee6a50b61
at org.openqa.selenium.support.ui.WebDriverWait.timeoutException(WebDriverWait.java:84)
at org.openqa.selenium.support.ui.FluentWait.until(FluentWait.java:228)
at com.apollo247.testing.utilities.AllUtilityFunctions.waitUntillElementIsCLickable(AllUtilityFunctions.java:124)
at com.apollo247.testing.pages.DashboardPage.enterOtpAndclickVerify(DashboardPage.java:153)
at com.apollo247.testing.stepdefinitions.AccountModuleSteps.user_clicks_verify_after_entering_otp(AccountModuleSteps.java:47)
at ✽.user clicks verify after entering OTP(file:///C:/Users/Admin/git/apollo247-Test-Sprint/./src/test/java/com/apollo247/testing/features/MyAccount.feature:8)
]]>
    </error>
  </testcase> <!-- runScenario -->
</testsuite> <!-- com.apollo247.testing.runner.MyAccountRunner -->
