<?xml version="1.0" encoding="UTF-8"?>
<!-- Generated by org.testng.reporters.JUnitReportReporter -->
<testsuite hostname="ShourangaX" failures="0" tests="5" name="com.apollo247.testing.runner.RunnerIO" time="0.310" errors="0" timestamp="2026-04-17T10:46:44 IST" skipped="0">
  <testcase classname="com.apollo247.testing.runner.RunnerIO" name="runScenario" time="0.007"/>
  <testcase classname="com.apollo247.testing.runner.RunnerIO" name="runScenario" time="0.004"/>
  <testcase classname="com.apollo247.testing.runner.RunnerIO" name="runScenario" time="0.005"/>
  <testcase classname="com.apollo247.testing.runner.RunnerIO" name="runScenario" time="0.287"/>
  <testcase classname="com.apollo247.testing.runner.RunnerIO" name="runScenario" time="0.007"/>
</testsuite> <!-- com.apollo247.testing.runner.RunnerIO -->
