<?xml version="1.0" encoding="UTF-8"?>
<!-- Generated by org.testng.reporters.JUnitReportReporter -->
<testsuite hostname="ShourangaX" failures="0" tests="1" name="com.apollo247.testing.runner.LabTest_RunnerIO" time="171.993" errors="1" timestamp="2026-04-19T20:45:23 IST" skipped="0">
  <testcase classname="com.apollo247.testing.runner.LabTest_RunnerIO" name="runScenario" time="171.993">
    <error message="Unable to find element with locator By.xpath: //button[text()=&#039;‹&#039;]
For documentation on this error, please visit: https://www.selenium.dev/documentation/webdriver/troubleshooting/errors#nosuchelementexception
Build info: version: &#039;4.38.0&#039;, revision: &#039;6b412e825c*&#039;
System info: os.name: &#039;Windows 11&#039;, os.arch: &#039;amd64&#039;, os.version: &#039;10.0&#039;, java.version: &#039;21.0.10&#039;
Driver info: driver.version: RemoteWebDriver" type="org.openqa.selenium.NoSuchElementException">
      <![CDATA[org.openqa.selenium.NoSuchElementException: Unable to find element with locator By.xpath: //button[text()='‹']
For documentation on this error, please visit: https://www.selenium.dev/documentation/webdriver/troubleshooting/errors#nosuchelementexception
Build info: version: '4.38.0', revision: '6b412e825c*'
System info: os.name: 'Windows 11', os.arch: 'amd64', os.version: '10.0', java.version: '21.0.10'
Driver info: driver.version: RemoteWebDriver
at org.openqa.selenium.remote.ElementLocation$ElementFinder$2.findElement(ElementLocation.java:168)
at org.openqa.selenium.remote.ElementLocation.findElement(ElementLocation.java:59)
at org.openqa.selenium.remote.RemoteWebDriver.findElement(RemoteWebDriver.java:380)
at org.openqa.selenium.remote.RemoteWebDriver.findElement(RemoteWebDriver.java:374)
at com.apollo247.testing.pages.RadiologyPage.chooseDate(RadiologyPage.java:169)
at com.apollo247.testing.stepdefinitions.LabTestSteps.user_enters_radiology_details(LabTestSteps.java:120)
at ✽.User enters radiology details(file:///C:/Users/Shyam%20Sundar/git/apollo247-Testing/src/test/java/com/apollo247/testing/features/LabTest.feature:28)
]]>
    </error>
    <system-out>
      <![CDATA[No popup Displayed]]>
    </system-out>
  </testcase> <!-- runScenario -->
  <system-out>
    <![CDATA[No popup Displayed]]>
  </system-out>
</testsuite> <!-- com.apollo247.testing.runner.LabTest_RunnerIO -->
